<?xml version="1.0" encoding="UTF-8"?><testsuite errors="0" failures="0" name="com.videogame.videogameinfo.VideogameCRUDtestWithSteps" skipped="0" tests="5" time="5.0" timestamp="2021-07-21T14:23:55.156+01:00[Europe/London]"><testcase classname="com.videogame.videogameinfo.VideogameCRUDtestWithSteps" name="This test will delete the videogame by id"/><testcase classname="com.videogame.videogameinfo.VideogameCRUDtestWithSteps" name="This test will get videogame"/><testcase classname="com.videogame.videogameinfo.VideogameCRUDtestWithSteps" name="This will create new video game and verifyid"/><testcase classname="com.videogame.videogameinfo.VideogameCRUDtestWithSteps" name="This will get videogame by id"/><testcase classname="com.videogame.videogameinfo.VideogameCRUDtestWithSteps" name="This will update videogame by id"/></testsuite>